# JRE version: OpenJDK Runtime Environment Temurin-21.0.9+10 (21.0.9+10) (build 21.0.9+10-LTS)
# Java VM: OpenJDK 64-Bit Server VM Temurin-21.0.9+10 (21.0.9+10-LTS, mixed mode, sharing, tiered, compressed oops, compressed class ptrs, parallel gc, windows-amd64)
GC Precious Log:
 CardTable entry size: 512
 CPUs: 8 total, 8 available
 Memory: 8071M
 Large Page Support: Disabled
 NUMA Support: Disabled
 Compressed Oops: Enabled (32-bit)
 Alignments: Space 512K, Generation 512K, Heap 2M
 Heap Min Capacity: 100M
 Heap Initial Capacity: 100M
 Heap Max Capacity: 2G
 Pre-touch: Disabled
 Parallel Workers: 8
Heap:
 PSYoungGen      total 21504K, used 8598K [0x00000000d5580000, 0x00000000d7000000, 0x0000000100000000)
  eden space 20480K, 37% used [0x00000000d5580000,0x00000000d5cedaa0,0x00000000d6980000)
  from space 1024K, 96% used [0x00000000d6c00000,0x00000000d6cf8080,0x00000000d6d00000)
  to   space 2560K, 0% used [0x00000000d6980000,0x00000000d6980000,0x00000000d6c00000)
 ParOldGen       total 68608K, used 39442K [0x0000000080000000, 0x0000000084300000, 0x00000000d5580000)
  object space 68608K, 57% used [0x0000000080000000,0x0000000082684960,0x0000000084300000)
 Metaspace       used 58244K, committed 59648K, reserved 1114112K
  class space    used 6327K, committed 6912K, reserved 1048576K
GC Heap History (20 events):
Event: 18.836 GC heap before
{Heap before GC invocations=21 (full 2):
 PSYoungGen      total 23552K, used 23257K [0x00000000d5580000, 0x00000000d6f00000, 0x0000000100000000)
  eden space 22016K, 100% used [0x00000000d5580000,0x00000000d6b00000,0x00000000d6b00000)
  from space 1536K, 80% used [0x00000000d6d80000,0x00000000d6eb65f0,0x00000000d6f00000)
  to   space 1536K, 0% used [0x00000000d6c00000,0x00000000d6c00000,0x00000000d6d80000)
 ParOldGen       total 68608K, used 23066K [0x0000000080000000, 0x0000000084300000, 0x00000000d5580000)
  object space 68608K, 33% used [0x0000000080000000,0x0000000081686bf0,0x0000000084300000)
 Metaspace       used 48035K, committed 49344K, reserved 1114112K
  class space    used 5242K, committed 5824K, reserved 1048576K
}
Event: 18.840 GC heap after
{Heap after GC invocations=21 (full 2):
 PSYoungGen      total 23552K, used 1528K [0x00000000d5580000, 0x00000000d7200000, 0x0000000100000000)
  eden space 22016K, 0% used [0x00000000d5580000,0x00000000d5580000,0x00000000d6b00000)
  from space 1536K, 99% used [0x00000000d6c00000,0x00000000d6d7e1d8,0x00000000d6d80000)
  to   space 3584K, 0% used [0x00000000d6e80000,0x00000000d6e80000,0x00000000d7200000)
 ParOldGen       total 68608K, used 24469K [0x0000000080000000, 0x0000000084300000, 0x00000000d5580000)
  object space 68608K, 35% used [0x0000000080000000,0x00000000817e56c0,0x0000000084300000)
 Metaspace       used 48035K, committed 49344K, reserved 1114112K
  class space    used 5242K, committed 5824K, reserved 1048576K
}
Event: 19.230 GC heap before
{Heap before GC invocations=22 (full 2):
 PSYoungGen      total 23552K, used 23544K [0x00000000d5580000, 0x00000000d7200000, 0x0000000100000000)
  eden space 22016K, 100% used [0x00000000d5580000,0x00000000d6b00000,0x00000000d6b00000)
  from space 1536K, 99% used [0x00000000d6c00000,0x00000000d6d7e1d8,0x00000000d6d80000)
  to   space 3584K, 0% used [0x00000000d6e80000,0x00000000d6e80000,0x00000000d7200000)
 ParOldGen       total 68608K, used 24469K [0x0000000080000000, 0x0000000084300000, 0x00000000d5580000)
  object space 68608K, 35% used [0x0000000080000000,0x00000000817e56c0,0x0000000084300000)
 Metaspace       used 48381K, committed 49728K, reserved 1114112K
  class space    used 5295K, committed 5888K, reserved 1048576K
}
Event: 19.236 GC heap after
{Heap after GC invocations=22 (full 2):
 PSYoungGen      total 25088K, used 2577K [0x00000000d5580000, 0x00000000d7180000, 0x0000000100000000)
  eden space 22016K, 0% used [0x00000000d5580000,0x00000000d5580000,0x00000000d6b00000)
  from space 3072K, 83% used [0x00000000d6e80000,0x00000000d7104420,0x00000000d7180000)
  to   space 3072K, 0% used [0x00000000d6b80000,0x00000000d6b80000,0x00000000d6e80000)
 ParOldGen       total 68608K, used 25970K [0x0000000080000000, 0x0000000084300000, 0x00000000d5580000)
  object space 68608K, 37% used [0x0000000080000000,0x000000008195c940,0x0000000084300000)
 Metaspace       used 48381K, committed 49728K, reserved 1114112K
  class space    used 5295K, committed 5888K, reserved 1048576K
}
Event: 19.910 GC heap before
{Heap before GC invocations=23 (full 2):
 PSYoungGen      total 25088K, used 24593K [0x00000000d5580000, 0x00000000d7180000, 0x0000000100000000)
  eden space 22016K, 100% used [0x00000000d5580000,0x00000000d6b00000,0x00000000d6b00000)
  from space 3072K, 83% used [0x00000000d6e80000,0x00000000d7104420,0x00000000d7180000)
  to   space 3072K, 0% used [0x00000000d6b80000,0x00000000d6b80000,0x00000000d6e80000)
 ParOldGen       total 68608K, used 25970K [0x0000000080000000, 0x0000000084300000, 0x00000000d5580000)
  object space 68608K, 37% used [0x0000000080000000,0x000000008195c940,0x0000000084300000)
 Metaspace       used 48404K, committed 49728K, reserved 1114112K
  class space    used 5295K, committed 5888K, reserved 1048576K
}
Event: 19.917 GC heap after
{Heap after GC invocations=23 (full 2):
 PSYoungGen      total 25088K, used 2722K [0x00000000d5580000, 0x00000000d7100000, 0x0000000100000000)
  eden space 22016K, 0% used [0x00000000d5580000,0x00000000d5580000,0x00000000d6b00000)
  from space 3072K, 88% used [0x00000000d6b80000,0x00000000d6e28810,0x00000000d6e80000)
  to   space 2560K, 0% used [0x00000000d6e80000,0x00000000d6e80000,0x00000000d7100000)
 ParOldGen       total 68608K, used 28309K [0x0000000080000000, 0x0000000084300000, 0x00000000d5580000)
  object space 68608K, 41% used [0x0000000080000000,0x0000000081ba5638,0x0000000084300000)
 Metaspace       used 48404K, committed 49728K, reserved 1114112K
  class space    used 5295K, committed 5888K, reserved 1048576K
}
Event: 20.031 GC heap before
{Heap before GC invocations=24 (full 2):
 PSYoungGen      total 25088K, used 24738K [0x00000000d5580000, 0x00000000d7100000, 0x0000000100000000)
  eden space 22016K, 100% used [0x00000000d5580000,0x00000000d6b00000,0x00000000d6b00000)
  from space 3072K, 88% used [0x00000000d6b80000,0x00000000d6e28810,0x00000000d6e80000)
  to   space 2560K, 0% used [0x00000000d6e80000,0x00000000d6e80000,0x00000000d7100000)
 ParOldGen       total 68608K, used 28309K [0x0000000080000000, 0x0000000084300000, 0x00000000d5580000)
  object space 68608K, 41% used [0x0000000080000000,0x0000000081ba5638,0x0000000084300000)
 Metaspace       used 48408K, committed 49728K, reserved 1114112K
  class space    used 5295K, committed 5888K, reserved 1048576K
}
Event: 20.036 GC heap after
{Heap after GC invocations=24 (full 2):
 PSYoungGen      total 24576K, used 2468K [0x00000000d5580000, 0x00000000d7100000, 0x0000000100000000)
  eden space 22016K, 0% used [0x00000000d5580000,0x00000000d5580000,0x00000000d6b00000)
  from space 2560K, 96% used [0x00000000d6e80000,0x00000000d70e9000,0x00000000d7100000)
  to   space 3072K, 0% used [0x00000000d6b00000,0x00000000d6b00000,0x00000000d6e00000)
 ParOldGen       total 68608K, used 30773K [0x0000000080000000, 0x0000000084300000, 0x00000000d5580000)
  object space 68608K, 44% used [0x0000000080000000,0x0000000081e0d648,0x0000000084300000)
 Metaspace       used 48408K, committed 49728K, reserved 1114112K
  class space    used 5295K, committed 5888K, reserved 1048576K
}
Event: 20.467 GC heap before
{Heap before GC invocations=25 (full 2):
 PSYoungGen      total 24576K, used 24484K [0x00000000d5580000, 0x00000000d7100000, 0x0000000100000000)
  eden space 22016K, 100% used [0x00000000d5580000,0x00000000d6b00000,0x00000000d6b00000)
  from space 2560K, 96% used [0x00000000d6e80000,0x00000000d70e9000,0x00000000d7100000)
  to   space 3072K, 0% used [0x00000000d6b00000,0x00000000d6b00000,0x00000000d6e00000)
 ParOldGen       total 68608K, used 30773K [0x0000000080000000, 0x0000000084300000, 0x00000000d5580000)
  object space 68608K, 44% used [0x0000000080000000,0x0000000081e0d648,0x0000000084300000)
 Metaspace       used 48448K, committed 49792K, reserved 1114112K
  class space    used 5295K, committed 5888K, reserved 1048576K
}
Event: 20.473 GC heap after
{Heap after GC invocations=25 (full 2):
 PSYoungGen      total 24576K, used 2496K [0x00000000d5580000, 0x00000000d7000000, 0x0000000100000000)
  eden space 22016K, 0% used [0x00000000d5580000,0x00000000d5580000,0x00000000d6b00000)
  from space 2560K, 97% used [0x00000000d6b00000,0x00000000d6d70010,0x00000000d6d80000)
  to   space 2560K, 0% used [0x00000000d6d80000,0x00000000d6d80000,0x00000000d7000000)
 ParOldGen       total 68608K, used 33053K [0x0000000080000000, 0x0000000084300000, 0x00000000d5580000)
  object space 68608K, 48% used [0x0000000080000000,0x0000000082047748,0x0000000084300000)
 Metaspace       used 48448K, committed 49792K, reserved 1114112K
  class space    used 5295K, committed 5888K, reserved 1048576K
}
Event: 20.864 GC heap before
{Heap before GC invocations=26 (full 2):
 PSYoungGen      total 24576K, used 24511K [0x00000000d5580000, 0x00000000d7000000, 0x0000000100000000)
  eden space 22016K, 99% used [0x00000000d5580000,0x00000000d6afff10,0x00000000d6b00000)
  from space 2560K, 97% used [0x00000000d6b00000,0x00000000d6d70010,0x00000000d6d80000)
  to   space 2560K, 0% used [0x00000000d6d80000,0x00000000d6d80000,0x00000000d7000000)
 ParOldGen       total 68608K, used 33053K [0x0000000080000000, 0x0000000084300000, 0x00000000d5580000)
  object space 68608K, 48% used [0x0000000080000000,0x0000000082047748,0x0000000084300000)
 Metaspace       used 49135K, committed 50496K, reserved 1114112K
  class space    used 5393K, committed 5952K, reserved 1048576K
}
Event: 20.873 GC heap after
{Heap after GC invocations=26 (full 2):
 PSYoungGen      total 24576K, used 1888K [0x00000000d5580000, 0x00000000d7000000, 0x0000000100000000)
  eden space 22016K, 0% used [0x00000000d5580000,0x00000000d5580000,0x00000000d6b00000)
  from space 2560K, 73% used [0x00000000d6d80000,0x00000000d6f58000,0x00000000d7000000)
  to   space 2560K, 0% used [0x00000000d6b00000,0x00000000d6b00000,0x00000000d6d80000)
 ParOldGen       total 68608K, used 35445K [0x0000000080000000, 0x0000000084300000, 0x00000000d5580000)
  object space 68608K, 51% used [0x0000000080000000,0x000000008229d758,0x0000000084300000)
 Metaspace       used 49135K, committed 50496K, reserved 1114112K
  class space    used 5393K, committed 5952K, reserved 1048576K
}
Event: 22.266 GC heap before
{Heap before GC invocations=27 (full 2):
 PSYoungGen      total 24576K, used 23904K [0x00000000d5580000, 0x00000000d7000000, 0x0000000100000000)
  eden space 22016K, 100% used [0x00000000d5580000,0x00000000d6b00000,0x00000000d6b00000)
  from space 2560K, 73% used [0x00000000d6d80000,0x00000000d6f58000,0x00000000d7000000)
  to   space 2560K, 0% used [0x00000000d6b00000,0x00000000d6b00000,0x00000000d6d80000)
 ParOldGen       total 68608K, used 35445K [0x0000000080000000, 0x0000000084300000, 0x00000000d5580000)
  object space 68608K, 51% used [0x0000000080000000,0x000000008229d758,0x0000000084300000)
 Metaspace       used 50940K, committed 52288K, reserved 1114112K
  class space    used 5596K, committed 6208K, reserved 1048576K
}
Event: 22.271 GC heap after
{Heap after GC invocations=27 (full 2):
 PSYoungGen      total 23040K, used 677K [0x00000000d5580000, 0x00000000d6e00000, 0x0000000100000000)
  eden space 22016K, 0% used [0x00000000d5580000,0x00000000d5580000,0x00000000d6b00000)
  from space 1024K, 66% used [0x00000000d6b00000,0x00000000d6ba9558,0x00000000d6c00000)
  to   space 1536K, 0% used [0x00000000d6c80000,0x00000000d6c80000,0x00000000d6e00000)
 ParOldGen       total 68608K, used 37198K [0x0000000080000000, 0x0000000084300000, 0x00000000d5580000)
  object space 68608K, 54% used [0x0000000080000000,0x0000000082453b48,0x0000000084300000)
 Metaspace       used 50940K, committed 52288K, reserved 1114112K
  class space    used 5596K, committed 6208K, reserved 1048576K
}
Event: 23.023 GC heap before
{Heap before GC invocations=28 (full 2):
 PSYoungGen      total 23040K, used 22693K [0x00000000d5580000, 0x00000000d6e00000, 0x0000000100000000)
  eden space 22016K, 100% used [0x00000000d5580000,0x00000000d6b00000,0x00000000d6b00000)
  from space 1024K, 66% used [0x00000000d6b00000,0x00000000d6ba9558,0x00000000d6c00000)
  to   space 1536K, 0% used [0x00000000d6c80000,0x00000000d6c80000,0x00000000d6e00000)
 ParOldGen       total 68608K, used 37198K [0x0000000080000000, 0x0000000084300000, 0x00000000d5580000)
  object space 68608K, 54% used [0x0000000080000000,0x0000000082453b48,0x0000000084300000)
 Metaspace       used 52932K, committed 54336K, reserved 1114112K
  class space    used 5796K, committed 6400K, reserved 1048576K
}
Event: 23.025 GC heap after
{Heap after GC invocations=28 (full 2):
 PSYoungGen      total 23040K, used 640K [0x00000000d5580000, 0x00000000d6d80000, 0x0000000100000000)
  eden space 22016K, 0% used [0x00000000d5580000,0x00000000d5580000,0x00000000d6b00000)
  from space 1024K, 62% used [0x00000000d6c80000,0x00000000d6d20000,0x00000000d6d80000)
  to   space 1024K, 0% used [0x00000000d6b00000,0x00000000d6b00000,0x00000000d6c00000)
 ParOldGen       total 68608K, used 37750K [0x0000000080000000, 0x0000000084300000, 0x00000000d5580000)
  object space 68608K, 55% used [0x0000000080000000,0x00000000824dda70,0x0000000084300000)
 Metaspace       used 52932K, committed 54336K, reserved 1114112K
  class space    used 5796K, committed 6400K, reserved 1048576K
}
Event: 23.760 GC heap before
{Heap before GC invocations=29 (full 2):
 PSYoungGen      total 23040K, used 22650K [0x00000000d5580000, 0x00000000d6d80000, 0x0000000100000000)
  eden space 22016K, 99% used [0x00000000d5580000,0x00000000d6afeba8,0x00000000d6b00000)
  from space 1024K, 62% used [0x00000000d6c80000,0x00000000d6d20000,0x00000000d6d80000)
  to   space 1024K, 0% used [0x00000000d6b00000,0x00000000d6b00000,0x00000000d6c00000)
 ParOldGen       total 68608K, used 37750K [0x0000000080000000, 0x0000000084300000, 0x00000000d5580000)
  object space 68608K, 55% used [0x0000000080000000,0x00000000824dda70,0x0000000084300000)
 Metaspace       used 55628K, committed 57088K, reserved 1114112K
  class space    used 6073K, committed 6656K, reserved 1048576K
}
Event: 23.764 GC heap after
{Heap after GC invocations=29 (full 2):
 PSYoungGen      total 23040K, used 928K [0x00000000d5580000, 0x00000000d6d00000, 0x0000000100000000)
  eden space 22016K, 0% used [0x00000000d5580000,0x00000000d5580000,0x00000000d6b00000)
  from space 1024K, 90% used [0x00000000d6b00000,0x00000000d6be8000,0x00000000d6c00000)
  to   space 1024K, 0% used [0x00000000d6c00000,0x00000000d6c00000,0x00000000d6d00000)
 ParOldGen       total 68608K, used 38230K [0x0000000080000000, 0x0000000084300000, 0x00000000d5580000)
  object space 68608K, 55% used [0x0000000080000000,0x0000000082555a90,0x0000000084300000)
 Metaspace       used 55628K, committed 57088K, reserved 1114112K
  class space    used 6073K, committed 6656K, reserved 1048576K
}
Event: 24.229 GC heap before
{Heap before GC invocations=30 (full 2):
 PSYoungGen      total 23040K, used 22944K [0x00000000d5580000, 0x00000000d6d00000, 0x0000000100000000)
  eden space 22016K, 100% used [0x00000000d5580000,0x00000000d6b00000,0x00000000d6b00000)
  from space 1024K, 90% used [0x00000000d6b00000,0x00000000d6be8000,0x00000000d6c00000)
  to   space 1024K, 0% used [0x00000000d6c00000,0x00000000d6c00000,0x00000000d6d00000)
 ParOldGen       total 68608K, used 38230K [0x0000000080000000, 0x0000000084300000, 0x00000000d5580000)
  object space 68608K, 55% used [0x0000000080000000,0x0000000082555a90,0x0000000084300000)
 Metaspace       used 57707K, committed 59136K, reserved 1114112K
  class space    used 6270K, committed 6912K, reserved 1048576K
}
Event: 24.234 GC heap after
{Heap after GC invocations=30 (full 2):
 PSYoungGen      total 21504K, used 992K [0x00000000d5580000, 0x00000000d7000000, 0x0000000100000000)
  eden space 20480K, 0% used [0x00000000d5580000,0x00000000d5580000,0x00000000d6980000)
  from space 1024K, 96% used [0x00000000d6c00000,0x00000000d6cf8080,0x00000000d6d00000)
  to   space 2560K, 0% used [0x00000000d6980000,0x00000000d6980000,0x00000000d6c00000)
 ParOldGen       total 68608K, used 39442K [0x0000000080000000, 0x0000000084300000, 0x00000000d5580000)
  object space 68608K, 57% used [0x0000000080000000,0x0000000082684960,0x0000000084300000)
 Metaspace       used 57707K, committed 59136K, reserved 1114112K
  class space    used 6270K, committed 6912K, reserved 1048576K
}

